frontend/Epari/android/app/build/intermediates/manifest_merge_blame_file/debug/manifest-merger-blame-debug-report.txt
1<?xml version="1.0" encoding="utf-8"?>
2<manifest xmlns:android="http://schemas.android.com/apk/res/android"
3    package="com.epari"
4    android:versionCode="1"
5    android:versionName="1.0" >
6
7    <uses-sdk
8        android:minSdkVersion="21"
9        android:targetSdkVersion="31" />
10
11    <uses-permission android:name="android.permission.SYSTEM_ALERT_WINDOW" />
11-->src\debug\AndroidManifest.xml:5:5-77
11-->src\debug\AndroidManifest.xml:5:22-75
12    <uses-permission android:name="android.permission.INTERNET" />
12-->src\main\AndroidManifest.xml:4:5-67
12-->src\main\AndroidManifest.xml:4:22-64
13    <uses-permission android:name="android.permission.ACCESS_WIFI_STATE" />
13-->[com.facebook.flipper:flipper:0.125.0] AndroidManifest.xml:16:5-76
13-->[com.facebook.flipper:flipper:0.125.0] AndroidManifest.xml:16:22-73
14    <uses-permission android:name="android.permission.WAKE_LOCK" />
14-->[:react-native-firebase_auth] AndroidManifest.xml:10:5-68
14-->[:react-native-firebase_auth] AndroidManifest.xml:10:22-65
15    <uses-permission android:name="android.permission.ACCESS_NETWORK_STATE" />
15-->[:react-native-firebase_auth] AndroidManifest.xml:11:5-79
15-->[:react-native-firebase_auth] AndroidManifest.xml:11:22-76
16
17    <application
17-->src\main\AndroidManifest.xml:6:5-25:19
18        android:name="com.epari.MainApplication"
18-->src\main\AndroidManifest.xml:7:7-38
19        android:allowBackup="false"
19-->src\main\AndroidManifest.xml:11:7-34
20        android:appComponentFactory="androidx.core.app.CoreComponentFactory"
20-->[androidx.core:core:1.7.0] AndroidManifest.xml:24:18-86
21        android:debuggable="true"
22        android:icon="@mipmap/ic_launcher"
22-->src\main\AndroidManifest.xml:9:7-41
23        android:label="@string/app_name"
23-->src\main\AndroidManifest.xml:8:7-39
24        android:roundIcon="@mipmap/ic_launcher_round"
24-->src\main\AndroidManifest.xml:10:7-52
25        android:theme="@style/AppTheme"
25-->src\main\AndroidManifest.xml:12:7-38
26        android:usesCleartextTraffic="true" >
26-->src\debug\AndroidManifest.xml:8:9-44
27        <activity
27-->src\debug\AndroidManifest.xml:11:9-111
28            android:name="com.facebook.react.devsupport.DevSettingsActivity"
28-->src\debug\AndroidManifest.xml:11:19-83
29            android:exported="false" />
29-->src\debug\AndroidManifest.xml:11:84-108
30        <activity
30-->src\main\AndroidManifest.xml:13:7-24:18
31            android:name="com.epari.MainActivity"
31-->src\main\AndroidManifest.xml:14:9-37
32            android:configChanges="keyboard|keyboardHidden|orientation|screenLayout|screenSize|smallestScreenSize|uiMode"
32-->src\main\AndroidManifest.xml:16:9-118
33            android:exported="true"
33-->src\main\AndroidManifest.xml:19:9-32
34            android:label="@string/app_name"
34-->src\main\AndroidManifest.xml:15:9-41
35            android:launchMode="singleTask"
35-->src\main\AndroidManifest.xml:17:9-40
36            android:windowSoftInputMode="adjustResize" >
36-->src\main\AndroidManifest.xml:18:9-51
37            <intent-filter>
37-->src\main\AndroidManifest.xml:20:9-23:25
38                <action android:name="android.intent.action.MAIN" />
38-->src\main\AndroidManifest.xml:21:13-65
38-->src\main\AndroidManifest.xml:21:21-62
39
40                <category android:name="android.intent.category.LAUNCHER" />
40-->src\main\AndroidManifest.xml:22:13-73
40-->src\main\AndroidManifest.xml:22:23-70
41            </intent-filter>
42        </activity>
43
44        <meta-data
44-->[:react-native-firebase_app] AndroidManifest.xml:11:9-13:36
45            android:name="app_data_collection_default_enabled"
45-->[:react-native-firebase_app] AndroidManifest.xml:12:13-63
46            android:value="true" />
46-->[:react-native-firebase_app] AndroidManifest.xml:13:13-33
47
48        <service
48-->[:react-native-firebase_app] AndroidManifest.xml:15:9-23:19
49            android:name="com.google.firebase.components.ComponentDiscoveryService"
49-->[:react-native-firebase_app] AndroidManifest.xml:16:13-84
50            android:directBootAware="true"
50-->[:react-native-firebase_app] AndroidManifest.xml:17:13-43
51            android:exported="false" >
51-->[:react-native-firebase_app] AndroidManifest.xml:18:13-37
52            <meta-data
52-->[:react-native-firebase_app] AndroidManifest.xml:20:13-22:85
53                android:name="com.google.firebase.components:io.invertase.firebase.app.ReactNativeFirebaseAppRegistrar"
53-->[:react-native-firebase_app] AndroidManifest.xml:21:17-120
54                android:value="com.google.firebase.components.ComponentRegistrar" />
54-->[:react-native-firebase_app] AndroidManifest.xml:22:17-82
55            <meta-data
55-->[com.google.firebase:firebase-auth:21.0.8] AndroidManifest.xml:67:13-69:85
56                android:name="com.google.firebase.components:com.google.firebase.auth.FirebaseAuthRegistrar"
56-->[com.google.firebase:firebase-auth:21.0.8] AndroidManifest.xml:68:17-109
57                android:value="com.google.firebase.components.ComponentRegistrar" />
57-->[com.google.firebase:firebase-auth:21.0.8] AndroidManifest.xml:69:17-82
58        </service>
59
60        <provider
60-->[:react-native-firebase_app] AndroidManifest.xml:25:9-29:38
61            android:name="io.invertase.firebase.app.ReactNativeFirebaseAppInitProvider"
61-->[:react-native-firebase_app] AndroidManifest.xml:26:13-88
62            android:authorities="com.epari.reactnativefirebaseappinitprovider"
62-->[:react-native-firebase_app] AndroidManifest.xml:27:13-86
63            android:exported="false"
63-->[:react-native-firebase_app] AndroidManifest.xml:28:13-37
64            android:initOrder="99" />
64-->[:react-native-firebase_app] AndroidManifest.xml:29:13-35
65        <provider
65-->[:react-native-image-picker] AndroidManifest.xml:10:9-18:20
66            android:name="com.imagepicker.ImagePickerProvider"
66-->[:react-native-image-picker] AndroidManifest.xml:11:13-63
67            android:authorities="com.epari.imagepickerprovider"
67-->[:react-native-image-picker] AndroidManifest.xml:12:13-71
68            android:exported="false"
68-->[:react-native-image-picker] AndroidManifest.xml:13:13-37
69            android:grantUriPermissions="true" >
69-->[:react-native-image-picker] AndroidManifest.xml:14:13-47
70            <meta-data
70-->[:react-native-image-picker] AndroidManifest.xml:15:13-17:70
71                android:name="android.support.FILE_PROVIDER_PATHS"
71-->[:react-native-image-picker] AndroidManifest.xml:16:17-67
72                android:resource="@xml/imagepicker_provider_paths" />
72-->[:react-native-image-picker] AndroidManifest.xml:17:17-67
73        </provider>
74
75        <activity
75-->[com.google.firebase:firebase-auth:21.0.8] AndroidManifest.xml:27:9-44:20
76            android:name="com.google.firebase.auth.internal.GenericIdpActivity"
76-->[com.google.firebase:firebase-auth:21.0.8] AndroidManifest.xml:28:13-80
77            android:excludeFromRecents="true"
77-->[com.google.firebase:firebase-auth:21.0.8] AndroidManifest.xml:29:13-46
78            android:exported="true"
78-->[com.google.firebase:firebase-auth:21.0.8] AndroidManifest.xml:30:13-36
79            android:launchMode="singleTask"
79-->[com.google.firebase:firebase-auth:21.0.8] AndroidManifest.xml:31:13-44
80            android:theme="@android:style/Theme.Translucent.NoTitleBar" >
80-->[com.google.firebase:firebase-auth:21.0.8] AndroidManifest.xml:32:13-72
81            <intent-filter>
81-->[com.google.firebase:firebase-auth:21.0.8] AndroidManifest.xml:33:13-43:29
82                <action android:name="android.intent.action.VIEW" />
82-->[com.google.firebase:firebase-auth:21.0.8] AndroidManifest.xml:34:17-69
82-->[com.google.firebase:firebase-auth:21.0.8] AndroidManifest.xml:34:25-66
83
84                <category android:name="android.intent.category.DEFAULT" />
84-->[com.google.firebase:firebase-auth:21.0.8] AndroidManifest.xml:36:17-76
84-->[com.google.firebase:firebase-auth:21.0.8] AndroidManifest.xml:36:27-73
85                <category android:name="android.intent.category.BROWSABLE" />
85-->[com.google.firebase:firebase-auth:21.0.8] AndroidManifest.xml:37:17-78
85-->[com.google.firebase:firebase-auth:21.0.8] AndroidManifest.xml:37:27-75
86
87                <data
87-->[com.google.firebase:firebase-auth:21.0.8] AndroidManifest.xml:39:17-42:51
88                    android:host="firebase.auth"
88-->[com.google.firebase:firebase-auth:21.0.8] AndroidManifest.xml:40:21-49
89                    android:path="/"
89-->[com.google.firebase:firebase-auth:21.0.8] AndroidManifest.xml:41:21-37
90                    android:scheme="genericidp" />
90-->[com.google.firebase:firebase-auth:21.0.8] AndroidManifest.xml:42:21-48
91            </intent-filter>
92        </activity>
93        <activity
93-->[com.google.firebase:firebase-auth:21.0.8] AndroidManifest.xml:45:9-62:20
94            android:name="com.google.firebase.auth.internal.RecaptchaActivity"
94-->[com.google.firebase:firebase-auth:21.0.8] AndroidManifest.xml:46:13-79
95            android:excludeFromRecents="true"
95-->[com.google.firebase:firebase-auth:21.0.8] AndroidManifest.xml:47:13-46
96            android:exported="true"
96-->[com.google.firebase:firebase-auth:21.0.8] AndroidManifest.xml:48:13-36
97            android:launchMode="singleTask"
97-->[com.google.firebase:firebase-auth:21.0.8] AndroidManifest.xml:49:13-44
98            android:theme="@android:style/Theme.Translucent.NoTitleBar" >
98-->[com.google.firebase:firebase-auth:21.0.8] AndroidManifest.xml:50:13-72
99            <intent-filter>
99-->[com.google.firebase:firebase-auth:21.0.8] AndroidManifest.xml:51:13-61:29
100                <action android:name="android.intent.action.VIEW" />
100-->[com.google.firebase:firebase-auth:21.0.8] AndroidManifest.xml:34:17-69
100-->[com.google.firebase:firebase-auth:21.0.8] AndroidManifest.xml:34:25-66
101
102                <category android:name="android.intent.category.DEFAULT" />
102-->[com.google.firebase:firebase-auth:21.0.8] AndroidManifest.xml:36:17-76
102-->[com.google.firebase:firebase-auth:21.0.8] AndroidManifest.xml:36:27-73
103                <category android:name="android.intent.category.BROWSABLE" />
103-->[com.google.firebase:firebase-auth:21.0.8] AndroidManifest.xml:37:17-78
103-->[com.google.firebase:firebase-auth:21.0.8] AndroidManifest.xml:37:27-75
104
105                <data
105-->[com.google.firebase:firebase-auth:21.0.8] AndroidManifest.xml:39:17-42:51
106                    android:host="firebase.auth"
106-->[com.google.firebase:firebase-auth:21.0.8] AndroidManifest.xml:40:21-49
107                    android:path="/"
107-->[com.google.firebase:firebase-auth:21.0.8] AndroidManifest.xml:41:21-37
108                    android:scheme="recaptcha" />
108-->[com.google.firebase:firebase-auth:21.0.8] AndroidManifest.xml:42:21-48
109            </intent-filter>
110        </activity>
111        <activity
111-->[com.google.android.gms:play-services-auth:20.3.0] AndroidManifest.xml:23:9-27:75
112            android:name="com.google.android.gms.auth.api.signin.internal.SignInHubActivity"
112-->[com.google.android.gms:play-services-auth:20.3.0] AndroidManifest.xml:24:13-93
113            android:excludeFromRecents="true"
113-->[com.google.android.gms:play-services-auth:20.3.0] AndroidManifest.xml:25:13-46
114            android:exported="false"
114-->[com.google.android.gms:play-services-auth:20.3.0] AndroidManifest.xml:26:13-37
115            android:theme="@android:style/Theme.Translucent.NoTitleBar" />
115-->[com.google.android.gms:play-services-auth:20.3.0] AndroidManifest.xml:27:13-72
116        <!--
117            Service handling Google Sign-In user revocation. For apps that do not integrate with
118            Google Sign-In, this service will never be started.
119        -->
120        <service
120-->[com.google.android.gms:play-services-auth:20.3.0] AndroidManifest.xml:33:9-37:51
121            android:name="com.google.android.gms.auth.api.signin.RevocationBoundService"
121-->[com.google.android.gms:play-services-auth:20.3.0] AndroidManifest.xml:34:13-89
122            android:exported="true"
122-->[com.google.android.gms:play-services-auth:20.3.0] AndroidManifest.xml:35:13-36
123            android:permission="com.google.android.gms.auth.api.signin.permission.REVOCATION_NOTIFICATION"
123-->[com.google.android.gms:play-services-auth:20.3.0] AndroidManifest.xml:36:13-107
124            android:visibleToInstantApps="true" />
124-->[com.google.android.gms:play-services-auth:20.3.0] AndroidManifest.xml:37:13-48
125
126        <activity
126-->[com.google.android.gms:play-services-base:18.0.1] AndroidManifest.xml:20:9-22:45
127            android:name="com.google.android.gms.common.api.GoogleApiActivity"
127-->[com.google.android.gms:play-services-base:18.0.1] AndroidManifest.xml:20:19-85
128            android:exported="false"
128-->[com.google.android.gms:play-services-base:18.0.1] AndroidManifest.xml:22:19-43
129            android:theme="@android:style/Theme.Translucent.NoTitleBar" />
129-->[com.google.android.gms:play-services-base:18.0.1] AndroidManifest.xml:21:19-78
130
131        <provider
131-->[com.google.firebase:firebase-common:20.1.2] AndroidManifest.xml:26:9-31:39
132            android:name="com.google.firebase.provider.FirebaseInitProvider"
132-->[com.google.firebase:firebase-common:20.1.2] AndroidManifest.xml:27:13-77
133            android:authorities="com.epari.firebaseinitprovider"
133-->[com.google.firebase:firebase-common:20.1.2] AndroidManifest.xml:28:13-72
134            android:directBootAware="true"
134-->[com.google.firebase:firebase-common:20.1.2] AndroidManifest.xml:29:13-43
135            android:exported="false"
135-->[com.google.firebase:firebase-common:20.1.2] AndroidManifest.xml:30:13-37
136            android:initOrder="100" />
136-->[com.google.firebase:firebase-common:20.1.2] AndroidManifest.xml:31:13-36
137
138        <meta-data
138-->[com.google.android.gms:play-services-basement:18.1.0] AndroidManifest.xml:21:9-23:69
139            android:name="com.google.android.gms.version"
139-->[com.google.android.gms:play-services-basement:18.1.0] AndroidManifest.xml:22:13-58
140            android:value="@integer/google_play_services_version" />
140-->[com.google.android.gms:play-services-basement:18.1.0] AndroidManifest.xml:23:13-66
141
142        <provider
142-->[androidx.emoji2:emoji2:1.0.0] AndroidManifest.xml:26:9-34:20
143            android:name="androidx.startup.InitializationProvider"
143-->[androidx.emoji2:emoji2:1.0.0] AndroidManifest.xml:27:13-67
144            android:authorities="com.epari.androidx-startup"
144-->[androidx.emoji2:emoji2:1.0.0] AndroidManifest.xml:28:13-68
145            android:exported="false" >
145-->[androidx.emoji2:emoji2:1.0.0] AndroidManifest.xml:29:13-37
146            <meta-data
146-->[androidx.emoji2:emoji2:1.0.0] AndroidManifest.xml:31:13-33:52
147                android:name="androidx.emoji2.text.EmojiCompatInitializer"
147-->[androidx.emoji2:emoji2:1.0.0] AndroidManifest.xml:32:17-75
148                android:value="androidx.startup" />
148-->[androidx.emoji2:emoji2:1.0.0] AndroidManifest.xml:33:17-49
149            <meta-data
149-->[androidx.lifecycle:lifecycle-process:2.4.0] AndroidManifest.xml:31:13-33:52
150                android:name="androidx.lifecycle.ProcessLifecycleInitializer"
150-->[androidx.lifecycle:lifecycle-process:2.4.0] AndroidManifest.xml:32:17-78
151                android:value="androidx.startup" />
151-->[androidx.lifecycle:lifecycle-process:2.4.0] AndroidManifest.xml:33:17-49
152        </provider>
153    </application>
154
155</manifest>